2021-11-13 14:14:10,896 INFO org.springframework.boot.StartupInfoLogger Line: 55 [] : Starting JsonTokenAuthServiceApplication using Java 1.8.0_231 on LAPTOP-LHPF6IVR with PID 9684 (D:\WorkStation\json_token_auth_service\target\classes started by USER in D:\WorkStation\json_token_auth_service)
2021-11-13 14:14:10,963 INFO org.springframework.boot.SpringApplication Line: 659 [] : No active profile set, falling back to default profiles: default
2021-11-13 14:14:12,091 INFO org.springframework.data.repository.config.RepositoryConfigurationDelegate Line: 132 [] : Bootstrapping Spring Data JPA repositories in DEFAULT mode.
2021-11-13 14:14:12,204 INFO org.springframework.data.repository.config.RepositoryConfigurationDelegate Line: 201 [] : Finished Spring Data repository scanning in 97 ms. Found 2 JPA repository interfaces.
2021-11-13 14:14:12,627 INFO org.springframework.context.support.PostProcessorRegistrationDelegate$BeanPostProcessorChecker Line: 376 [] : Bean 'org.springframework.security.access.expression.method.DefaultMethodSecurityExpressionHandler@6c3659be' of type [org.springframework.security.access.expression.method.DefaultMethodSecurityExpressionHandler] is not eligible for getting processed by all BeanPostProcessors (for example: not eligible for auto-proxying)
2021-11-13 14:14:12,633 INFO org.springframework.context.support.PostProcessorRegistrationDelegate$BeanPostProcessorChecker Line: 376 [] : Bean 'methodSecurityMetadataSource' of type [org.springframework.security.access.method.DelegatingMethodSecurityMetadataSource] is not eligible for getting processed by all BeanPostProcessors (for example: not eligible for auto-proxying)
2021-11-13 14:14:13,127 INFO org.springframework.boot.web.embedded.tomcat.TomcatWebServer Line: 108 [] : Tomcat initialized with port(s): 8080 (http)
2021-11-13 14:14:13,137 INFO org.apache.juli.logging.DirectJDKLog Line: 173 [] : Initializing ProtocolHandler ["http-nio-8080"]
2021-11-13 14:14:13,138 INFO org.apache.juli.logging.DirectJDKLog Line: 173 [] : Starting service [Tomcat]
2021-11-13 14:14:13,139 INFO org.apache.juli.logging.DirectJDKLog Line: 173 [] : Starting Servlet engine: [Apache Tomcat/9.0.54]
2021-11-13 14:14:13,315 INFO org.apache.juli.logging.DirectJDKLog Line: 173 [] : Initializing Spring embedded WebApplicationContext
2021-11-13 14:14:13,315 INFO org.springframework.boot.web.servlet.context.ServletWebServerApplicationContext Line: 290 [] : Root WebApplicationContext: initialization completed in 2301 ms
2021-11-13 14:14:13,436 DEBUG com.zaxxer.hikari.HikariConfig Line: 971 [] : Driver class com.mysql.cj.jdbc.Driver found in Thread context class loader TomcatEmbeddedWebappClassLoader
  context: ROOT
  delegate: true
----------> Parent Classloader:
sun.misc.Launcher$AppClassLoader@18b4aac2

2021-11-13 14:14:13,633 INFO org.hibernate.jpa.internal.util.LogHelper Line: 31 [] : HHH000204: Processing PersistenceUnitInfo [name: default]
2021-11-13 14:14:13,722 INFO org.hibernate.Version Line: 44 [] : HHH000412: Hibernate ORM core version 5.4.32.Final
2021-11-13 14:14:14,197 INFO org.hibernate.annotations.common.reflection.java.JavaReflectionManager Line: 56 [] : HCANN000001: Hibernate Commons Annotations {5.1.2.Final}
2021-11-13 14:14:14,406 DEBUG com.zaxxer.hikari.HikariConfig Line: 1103 [] : HikariPool-1 - configuration:
2021-11-13 14:14:14,409 DEBUG com.zaxxer.hikari.HikariConfig Line: 1135 [] : allowPoolSuspension................................false
2021-11-13 14:14:14,410 DEBUG com.zaxxer.hikari.HikariConfig Line: 1135 [] : autoCommit................................true
2021-11-13 14:14:14,411 DEBUG com.zaxxer.hikari.HikariConfig Line: 1135 [] : catalog................................none
2021-11-13 14:14:14,411 DEBUG com.zaxxer.hikari.HikariConfig Line: 1135 [] : connectionInitSql................................none
2021-11-13 14:14:14,412 DEBUG com.zaxxer.hikari.HikariConfig Line: 1135 [] : connectionTestQuery................................none
2021-11-13 14:14:14,412 DEBUG com.zaxxer.hikari.HikariConfig Line: 1135 [] : connectionTimeout................................30000
2021-11-13 14:14:14,413 DEBUG com.zaxxer.hikari.HikariConfig Line: 1135 [] : dataSource................................none
2021-11-13 14:14:14,414 DEBUG com.zaxxer.hikari.HikariConfig Line: 1135 [] : dataSourceClassName................................none
2021-11-13 14:14:14,415 DEBUG com.zaxxer.hikari.HikariConfig Line: 1135 [] : dataSourceJNDI................................none
2021-11-13 14:14:14,416 DEBUG com.zaxxer.hikari.HikariConfig Line: 1135 [] : dataSourceProperties................................{password=<masked>}
2021-11-13 14:14:14,417 DEBUG com.zaxxer.hikari.HikariConfig Line: 1135 [] : driverClassName................................"com.mysql.cj.jdbc.Driver"
2021-11-13 14:14:14,417 DEBUG com.zaxxer.hikari.HikariConfig Line: 1135 [] : exceptionOverrideClassName................................none
2021-11-13 14:14:14,418 DEBUG com.zaxxer.hikari.HikariConfig Line: 1135 [] : healthCheckProperties................................{}
2021-11-13 14:14:14,419 DEBUG com.zaxxer.hikari.HikariConfig Line: 1135 [] : healthCheckRegistry................................none
2021-11-13 14:14:14,419 DEBUG com.zaxxer.hikari.HikariConfig Line: 1135 [] : idleTimeout................................600000
2021-11-13 14:14:14,420 DEBUG com.zaxxer.hikari.HikariConfig Line: 1135 [] : initializationFailTimeout................................1
2021-11-13 14:14:14,421 DEBUG com.zaxxer.hikari.HikariConfig Line: 1135 [] : isolateInternalQueries................................false
2021-11-13 14:14:14,421 DEBUG com.zaxxer.hikari.HikariConfig Line: 1135 [] : jdbcUrl................................jdbc:mysql://localhost:3306/test?useSSL=false&useUnicode=true&useJDBCCompliantTimezoneShift=true&useLegacyDatetimeCode=false&serverTimezone=UTC
2021-11-13 14:14:14,422 DEBUG com.zaxxer.hikari.HikariConfig Line: 1135 [] : keepaliveTime................................0
2021-11-13 14:14:14,422 DEBUG com.zaxxer.hikari.HikariConfig Line: 1135 [] : leakDetectionThreshold................................0
2021-11-13 14:14:14,422 DEBUG com.zaxxer.hikari.HikariConfig Line: 1135 [] : maxLifetime................................1800000
2021-11-13 14:14:14,423 DEBUG com.zaxxer.hikari.HikariConfig Line: 1135 [] : maximumPoolSize................................5
2021-11-13 14:14:14,424 DEBUG com.zaxxer.hikari.HikariConfig Line: 1135 [] : metricRegistry................................none
2021-11-13 14:14:14,424 DEBUG com.zaxxer.hikari.HikariConfig Line: 1135 [] : metricsTrackerFactory................................none
2021-11-13 14:14:14,424 DEBUG com.zaxxer.hikari.HikariConfig Line: 1135 [] : minimumIdle................................5
2021-11-13 14:14:14,425 DEBUG com.zaxxer.hikari.HikariConfig Line: 1135 [] : password................................<masked>
2021-11-13 14:14:14,425 DEBUG com.zaxxer.hikari.HikariConfig Line: 1135 [] : poolName................................"HikariPool-1"
2021-11-13 14:14:14,426 DEBUG com.zaxxer.hikari.HikariConfig Line: 1135 [] : readOnly................................false
2021-11-13 14:14:14,426 DEBUG com.zaxxer.hikari.HikariConfig Line: 1135 [] : registerMbeans................................false
2021-11-13 14:14:14,427 DEBUG com.zaxxer.hikari.HikariConfig Line: 1135 [] : scheduledExecutor................................none
2021-11-13 14:14:14,428 DEBUG com.zaxxer.hikari.HikariConfig Line: 1135 [] : schema................................none
2021-11-13 14:14:14,428 DEBUG com.zaxxer.hikari.HikariConfig Line: 1135 [] : threadFactory................................internal
2021-11-13 14:14:14,429 DEBUG com.zaxxer.hikari.HikariConfig Line: 1135 [] : transactionIsolation................................default
2021-11-13 14:14:14,429 DEBUG com.zaxxer.hikari.HikariConfig Line: 1135 [] : username................................"root"
2021-11-13 14:14:14,429 DEBUG com.zaxxer.hikari.HikariConfig Line: 1135 [] : validationTimeout................................5000
2021-11-13 14:14:14,430 INFO com.zaxxer.hikari.HikariDataSource Line: 110 [] : HikariPool-1 - Starting...
2021-11-13 14:14:14,893 DEBUG com.zaxxer.hikari.pool.HikariPool Line: 565 [] : HikariPool-1 - Added connection com.mysql.cj.jdbc.ConnectionImpl@447521e
2021-11-13 14:14:14,895 INFO com.zaxxer.hikari.HikariDataSource Line: 123 [] : HikariPool-1 - Start completed.
2021-11-13 14:14:14,929 INFO org.hibernate.dialect.Dialect Line: 175 [] : HHH000400: Using dialect: org.hibernate.dialect.MySQL55Dialect
2021-11-13 14:14:15,008 DEBUG com.zaxxer.hikari.pool.HikariPool Line: 421 [] : HikariPool-1 - Pool stats (total=1, active=0, idle=1, waiting=0)
2021-11-13 14:14:15,013 DEBUG com.zaxxer.hikari.pool.HikariPool$PoolEntryCreator Line: 729 [] : HikariPool-1 - Added connection com.mysql.cj.jdbc.ConnectionImpl@58ac6529
2021-11-13 14:14:15,017 DEBUG com.zaxxer.hikari.pool.HikariPool$PoolEntryCreator Line: 729 [] : HikariPool-1 - Added connection com.mysql.cj.jdbc.ConnectionImpl@2cf93c1c
2021-11-13 14:14:15,020 DEBUG com.zaxxer.hikari.pool.HikariPool$PoolEntryCreator Line: 729 [] : HikariPool-1 - Added connection com.mysql.cj.jdbc.ConnectionImpl@42df7246
2021-11-13 14:14:15,023 DEBUG com.zaxxer.hikari.pool.HikariPool$PoolEntryCreator Line: 729 [] : HikariPool-1 - Added connection com.mysql.cj.jdbc.ConnectionImpl@79cf862f
2021-11-13 14:14:15,024 DEBUG com.zaxxer.hikari.pool.HikariPool Line: 421 [] : HikariPool-1 - After adding stats (total=5, active=0, idle=5, waiting=0)
2021-11-13 14:14:16,317 INFO org.hibernate.engine.transaction.jta.platform.internal.JtaPlatformInitiator Line: 52 [] : HHH000490: Using JtaPlatform implementation: [org.hibernate.engine.transaction.jta.platform.internal.NoJtaPlatform]
2021-11-13 14:14:16,344 INFO org.springframework.orm.jpa.AbstractEntityManagerFactoryBean Line: 437 [] : Initialized JPA EntityManagerFactory for persistence unit 'default'
2021-11-13 14:14:17,161 WARN org.springframework.boot.autoconfigure.orm.jpa.JpaBaseConfiguration$JpaWebConfiguration Line: 219 [] : spring.jpa.open-in-view is enabled by default. Therefore, database queries may be performed during view rendering. Explicitly configure spring.jpa.open-in-view to disable this warning
2021-11-13 14:14:17,426 INFO org.springframework.security.web.DefaultSecurityFilterChain Line: 51 [] : Will secure any request with [org.springframework.security.web.context.request.async.WebAsyncManagerIntegrationFilter@79ee779c, org.springframework.security.web.context.SecurityContextPersistenceFilter@4713b631, org.springframework.security.web.header.HeaderWriterFilter@343727b5, org.springframework.security.web.authentication.logout.LogoutFilter@6738e8b2, com.example.json_token_auth_service.Security.JwtRequestFilter@56e8a8a0, org.springframework.security.web.savedrequest.RequestCacheAwareFilter@6d4d0a14, org.springframework.security.web.servletapi.SecurityContextHolderAwareRequestFilter@13c81bc5, org.springframework.security.web.authentication.AnonymousAuthenticationFilter@126a9a77, org.springframework.security.web.session.SessionManagementFilter@66226ab, org.springframework.security.web.access.ExceptionTranslationFilter@2157889c, org.springframework.security.web.access.intercept.FilterSecurityInterceptor@180d918a]
2021-11-13 14:14:17,907 INFO org.apache.juli.logging.DirectJDKLog Line: 173 [] : Starting ProtocolHandler ["http-nio-8080"]
2021-11-13 14:14:17,928 INFO org.springframework.boot.web.embedded.tomcat.TomcatWebServer Line: 220 [] : Tomcat started on port(s): 8080 (http) with context path ''
2021-11-13 14:14:18,085 WARN org.hibernate.engine.jdbc.spi.SqlExceptionHelper Line: 137 [] : SQL Error: 1062, SQLState: 23000
2021-11-13 14:14:18,086 ERROR org.hibernate.engine.jdbc.spi.SqlExceptionHelper Line: 142 [] : Duplicate entry 'admin-admin@gmail.com' for key 'UK5an6eeanlr5cekleo5odihut8'
2021-11-13 14:14:18,129 ERROR com.example.json_token_auth_service.DBUtil.APIUserSeeder Line: 59 [] : could not execute statement; SQL [n/a]; constraint [UK5an6eeanlr5cekleo5odihut8]; nested exception is org.hibernate.exception.ConstraintViolationException: could not execute statement
2021-11-13 14:14:18,135 INFO org.springframework.boot.StartupInfoLogger Line: 61 [] : Started JsonTokenAuthServiceApplication in 7.805 seconds (JVM running for 10.382)
2021-11-13 14:14:45,009 DEBUG com.zaxxer.hikari.pool.HikariPool Line: 421 [] : HikariPool-1 - Pool stats (total=5, active=0, idle=5, waiting=0)
2021-11-13 14:14:45,010 DEBUG com.zaxxer.hikari.pool.HikariPool Line: 518 [] : HikariPool-1 - Fill pool skipped, pool is at sufficient level.
2021-11-13 14:15:13,596 INFO org.apache.juli.logging.DirectJDKLog Line: 173 [] : Initializing Spring DispatcherServlet 'dispatcherServlet'
2021-11-13 14:15:13,596 INFO org.springframework.web.servlet.FrameworkServlet Line: 525 [] : Initializing Servlet 'dispatcherServlet'
2021-11-13 14:15:13,601 INFO org.springframework.web.servlet.FrameworkServlet Line: 547 [] : Completed initialization in 5 ms
2021-11-13 14:15:13,663 WARN com.example.json_token_auth_service.Security.JwtRequestFilter Line: 55 [] : JWT Token does not begin with Bearer String
2021-11-13 14:15:13,663 INFO com.example.json_token_auth_service.Security.JwtRequestFilter Line: 81 [4ab0efdb-63b9-4419-879e-97c600f4c204] : Request Url: /getToken
2021-11-13 14:15:15,014 DEBUG com.zaxxer.hikari.pool.HikariPool Line: 421 [] : HikariPool-1 - Pool stats (total=5, active=1, idle=4, waiting=0)
2021-11-13 14:15:15,014 DEBUG com.zaxxer.hikari.pool.HikariPool Line: 518 [] : HikariPool-1 - Fill pool skipped, pool is at sufficient level.
2021-11-13 14:15:45,027 DEBUG com.zaxxer.hikari.pool.HikariPool Line: 421 [] : HikariPool-1 - Pool stats (total=5, active=0, idle=5, waiting=0)
2021-11-13 14:15:45,027 DEBUG com.zaxxer.hikari.pool.HikariPool Line: 518 [] : HikariPool-1 - Fill pool skipped, pool is at sufficient level.
2021-11-13 14:15:55,068 WARN com.example.json_token_auth_service.Security.JwtRequestFilter Line: 55 [] : JWT Token does not begin with Bearer String
2021-11-13 14:15:55,069 INFO com.example.json_token_auth_service.Security.JwtRequestFilter Line: 81 [5b84480e-7b80-4f14-8b07-93340b000014] : Request Url: /verifyToken
2021-11-13 14:16:15,036 DEBUG com.zaxxer.hikari.pool.HikariPool Line: 421 [] : HikariPool-1 - Pool stats (total=5, active=0, idle=5, waiting=0)
2021-11-13 14:16:15,037 DEBUG com.zaxxer.hikari.pool.HikariPool Line: 518 [] : HikariPool-1 - Fill pool skipped, pool is at sufficient level.
2021-11-13 14:16:45,047 DEBUG com.zaxxer.hikari.pool.HikariPool Line: 421 [] : HikariPool-1 - Pool stats (total=5, active=0, idle=5, waiting=0)
2021-11-13 14:16:45,048 DEBUG com.zaxxer.hikari.pool.HikariPool Line: 518 [] : HikariPool-1 - Fill pool skipped, pool is at sufficient level.
2021-11-13 14:17:15,056 DEBUG com.zaxxer.hikari.pool.HikariPool Line: 421 [] : HikariPool-1 - Pool stats (total=5, active=0, idle=5, waiting=0)
2021-11-13 14:17:15,057 DEBUG com.zaxxer.hikari.pool.HikariPool Line: 518 [] : HikariPool-1 - Fill pool skipped, pool is at sufficient level.
2021-11-13 14:17:45,073 DEBUG com.zaxxer.hikari.pool.HikariPool Line: 421 [] : HikariPool-1 - Pool stats (total=5, active=0, idle=5, waiting=0)
2021-11-13 14:17:45,074 DEBUG com.zaxxer.hikari.pool.HikariPool Line: 518 [] : HikariPool-1 - Fill pool skipped, pool is at sufficient level.
2021-11-13 14:18:15,086 DEBUG com.zaxxer.hikari.pool.HikariPool Line: 421 [] : HikariPool-1 - Pool stats (total=5, active=0, idle=5, waiting=0)
2021-11-13 14:18:15,087 DEBUG com.zaxxer.hikari.pool.HikariPool Line: 518 [] : HikariPool-1 - Fill pool skipped, pool is at sufficient level.
2021-11-13 14:18:29,613 INFO org.springframework.orm.jpa.AbstractEntityManagerFactoryBean Line: 651 [] : Closing JPA EntityManagerFactory for persistence unit 'default'
2021-11-13 14:18:29,620 INFO com.zaxxer.hikari.HikariDataSource Line: 350 [] : HikariPool-1 - Shutdown initiated...
2021-11-13 14:18:29,622 DEBUG com.zaxxer.hikari.pool.HikariPool Line: 421 [] : HikariPool-1 - Before shutdown stats (total=5, active=0, idle=5, waiting=0)
2021-11-13 14:18:29,625 DEBUG com.zaxxer.hikari.pool.PoolBase Line: 134 [] : HikariPool-1 - Closing connection com.mysql.cj.jdbc.ConnectionImpl@447521e: (connection evicted)
2021-11-13 14:18:29,634 DEBUG com.zaxxer.hikari.pool.PoolBase Line: 134 [] : HikariPool-1 - Closing connection com.mysql.cj.jdbc.ConnectionImpl@58ac6529: (connection evicted)
2021-11-13 14:18:29,635 DEBUG com.zaxxer.hikari.pool.PoolBase Line: 134 [] : HikariPool-1 - Closing connection com.mysql.cj.jdbc.ConnectionImpl@2cf93c1c: (connection evicted)
2021-11-13 14:18:29,637 DEBUG com.zaxxer.hikari.pool.PoolBase Line: 134 [] : HikariPool-1 - Closing connection com.mysql.cj.jdbc.ConnectionImpl@42df7246: (connection evicted)
2021-11-13 14:18:29,638 DEBUG com.zaxxer.hikari.pool.PoolBase Line: 134 [] : HikariPool-1 - Closing connection com.mysql.cj.jdbc.ConnectionImpl@79cf862f: (connection evicted)
2021-11-13 14:18:29,639 DEBUG com.zaxxer.hikari.pool.HikariPool Line: 421 [] : HikariPool-1 - After shutdown stats (total=0, active=0, idle=0, waiting=0)
2021-11-13 14:18:29,640 INFO com.zaxxer.hikari.HikariDataSource Line: 352 [] : HikariPool-1 - Shutdown completed.
2021-11-13 14:18:37,655 INFO org.springframework.boot.StartupInfoLogger Line: 55 [] : Starting JsonTokenAuthServiceApplication using Java 1.8.0_231 on LAPTOP-LHPF6IVR with PID 10496 (D:\WorkStation\json_token_auth_service\target\classes started by USER in D:\WorkStation\json_token_auth_service)
2021-11-13 14:18:37,659 INFO org.springframework.boot.SpringApplication Line: 659 [] : No active profile set, falling back to default profiles: default
2021-11-13 14:18:38,647 INFO org.springframework.data.repository.config.RepositoryConfigurationDelegate Line: 132 [] : Bootstrapping Spring Data JPA repositories in DEFAULT mode.
2021-11-13 14:18:38,738 INFO org.springframework.data.repository.config.RepositoryConfigurationDelegate Line: 201 [] : Finished Spring Data repository scanning in 83 ms. Found 2 JPA repository interfaces.
2021-11-13 14:18:39,058 INFO org.springframework.context.support.PostProcessorRegistrationDelegate$BeanPostProcessorChecker Line: 376 [] : Bean 'org.springframework.security.access.expression.method.DefaultMethodSecurityExpressionHandler@181b8c4b' of type [org.springframework.security.access.expression.method.DefaultMethodSecurityExpressionHandler] is not eligible for getting processed by all BeanPostProcessors (for example: not eligible for auto-proxying)
2021-11-13 14:18:39,062 INFO org.springframework.context.support.PostProcessorRegistrationDelegate$BeanPostProcessorChecker Line: 376 [] : Bean 'methodSecurityMetadataSource' of type [org.springframework.security.access.method.DelegatingMethodSecurityMetadataSource] is not eligible for getting processed by all BeanPostProcessors (for example: not eligible for auto-proxying)
2021-11-13 14:18:39,375 INFO org.springframework.boot.web.embedded.tomcat.TomcatWebServer Line: 108 [] : Tomcat initialized with port(s): 8080 (http)
2021-11-13 14:18:39,386 INFO org.apache.juli.logging.DirectJDKLog Line: 173 [] : Initializing ProtocolHandler ["http-nio-8080"]
2021-11-13 14:18:39,387 INFO org.apache.juli.logging.DirectJDKLog Line: 173 [] : Starting service [Tomcat]
2021-11-13 14:18:39,387 INFO org.apache.juli.logging.DirectJDKLog Line: 173 [] : Starting Servlet engine: [Apache Tomcat/9.0.54]
2021-11-13 14:18:39,539 INFO org.apache.juli.logging.DirectJDKLog Line: 173 [] : Initializing Spring embedded WebApplicationContext
2021-11-13 14:18:39,539 INFO org.springframework.boot.web.servlet.context.ServletWebServerApplicationContext Line: 290 [] : Root WebApplicationContext: initialization completed in 1823 ms
2021-11-13 14:18:39,627 DEBUG com.zaxxer.hikari.HikariConfig Line: 971 [] : Driver class com.mysql.cj.jdbc.Driver found in Thread context class loader TomcatEmbeddedWebappClassLoader
  context: ROOT
  delegate: true
----------> Parent Classloader:
sun.misc.Launcher$AppClassLoader@18b4aac2

2021-11-13 14:18:39,779 INFO org.hibernate.jpa.internal.util.LogHelper Line: 31 [] : HHH000204: Processing PersistenceUnitInfo [name: default]
2021-11-13 14:18:39,899 INFO org.hibernate.Version Line: 44 [] : HHH000412: Hibernate ORM core version 5.4.32.Final
2021-11-13 14:18:40,326 INFO org.hibernate.annotations.common.reflection.java.JavaReflectionManager Line: 56 [] : HCANN000001: Hibernate Commons Annotations {5.1.2.Final}
2021-11-13 14:18:40,635 DEBUG com.zaxxer.hikari.HikariConfig Line: 1103 [] : HikariPool-1 - configuration:
2021-11-13 14:18:40,639 DEBUG com.zaxxer.hikari.HikariConfig Line: 1135 [] : allowPoolSuspension................................false
2021-11-13 14:18:40,640 DEBUG com.zaxxer.hikari.HikariConfig Line: 1135 [] : autoCommit................................true
2021-11-13 14:18:40,641 DEBUG com.zaxxer.hikari.HikariConfig Line: 1135 [] : catalog................................none
2021-11-13 14:18:40,641 DEBUG com.zaxxer.hikari.HikariConfig Line: 1135 [] : connectionInitSql................................none
2021-11-13 14:18:40,643 DEBUG com.zaxxer.hikari.HikariConfig Line: 1135 [] : connectionTestQuery................................none
2021-11-13 14:18:40,643 DEBUG com.zaxxer.hikari.HikariConfig Line: 1135 [] : connectionTimeout................................30000
2021-11-13 14:18:40,644 DEBUG com.zaxxer.hikari.HikariConfig Line: 1135 [] : dataSource................................none
2021-11-13 14:18:40,645 DEBUG com.zaxxer.hikari.HikariConfig Line: 1135 [] : dataSourceClassName................................none
2021-11-13 14:18:40,647 DEBUG com.zaxxer.hikari.HikariConfig Line: 1135 [] : dataSourceJNDI................................none
2021-11-13 14:18:40,648 DEBUG com.zaxxer.hikari.HikariConfig Line: 1135 [] : dataSourceProperties................................{password=<masked>}
2021-11-13 14:18:40,649 DEBUG com.zaxxer.hikari.HikariConfig Line: 1135 [] : driverClassName................................"com.mysql.cj.jdbc.Driver"
2021-11-13 14:18:40,650 DEBUG com.zaxxer.hikari.HikariConfig Line: 1135 [] : exceptionOverrideClassName................................none
2021-11-13 14:18:40,650 DEBUG com.zaxxer.hikari.HikariConfig Line: 1135 [] : healthCheckProperties................................{}
2021-11-13 14:18:40,651 DEBUG com.zaxxer.hikari.HikariConfig Line: 1135 [] : healthCheckRegistry................................none
2021-11-13 14:18:40,651 DEBUG com.zaxxer.hikari.HikariConfig Line: 1135 [] : idleTimeout................................600000
2021-11-13 14:18:40,652 DEBUG com.zaxxer.hikari.HikariConfig Line: 1135 [] : initializationFailTimeout................................1
2021-11-13 14:18:40,653 DEBUG com.zaxxer.hikari.HikariConfig Line: 1135 [] : isolateInternalQueries................................false
2021-11-13 14:18:40,654 DEBUG com.zaxxer.hikari.HikariConfig Line: 1135 [] : jdbcUrl................................jdbc:mysql://localhost:3306/test?useSSL=false&useUnicode=true&useJDBCCompliantTimezoneShift=true&useLegacyDatetimeCode=false&serverTimezone=UTC
2021-11-13 14:18:40,655 DEBUG com.zaxxer.hikari.HikariConfig Line: 1135 [] : keepaliveTime................................0
2021-11-13 14:18:40,656 DEBUG com.zaxxer.hikari.HikariConfig Line: 1135 [] : leakDetectionThreshold................................0
2021-11-13 14:18:40,657 DEBUG com.zaxxer.hikari.HikariConfig Line: 1135 [] : maxLifetime................................1800000
2021-11-13 14:18:40,657 DEBUG com.zaxxer.hikari.HikariConfig Line: 1135 [] : maximumPoolSize................................5
2021-11-13 14:18:40,658 DEBUG com.zaxxer.hikari.HikariConfig Line: 1135 [] : metricRegistry................................none
2021-11-13 14:18:40,659 DEBUG com.zaxxer.hikari.HikariConfig Line: 1135 [] : metricsTrackerFactory................................none
2021-11-13 14:18:40,659 DEBUG com.zaxxer.hikari.HikariConfig Line: 1135 [] : minimumIdle................................5
2021-11-13 14:18:40,660 DEBUG com.zaxxer.hikari.HikariConfig Line: 1135 [] : password................................<masked>
2021-11-13 14:18:40,661 DEBUG com.zaxxer.hikari.HikariConfig Line: 1135 [] : poolName................................"HikariPool-1"
2021-11-13 14:18:40,662 DEBUG com.zaxxer.hikari.HikariConfig Line: 1135 [] : readOnly................................false
2021-11-13 14:18:40,663 DEBUG com.zaxxer.hikari.HikariConfig Line: 1135 [] : registerMbeans................................false
2021-11-13 14:18:40,664 DEBUG com.zaxxer.hikari.HikariConfig Line: 1135 [] : scheduledExecutor................................none
2021-11-13 14:18:40,664 DEBUG com.zaxxer.hikari.HikariConfig Line: 1135 [] : schema................................none
2021-11-13 14:18:40,665 DEBUG com.zaxxer.hikari.HikariConfig Line: 1135 [] : threadFactory................................internal
2021-11-13 14:18:40,666 DEBUG com.zaxxer.hikari.HikariConfig Line: 1135 [] : transactionIsolation................................default
2021-11-13 14:18:40,666 DEBUG com.zaxxer.hikari.HikariConfig Line: 1135 [] : username................................"root"
2021-11-13 14:18:40,667 DEBUG com.zaxxer.hikari.HikariConfig Line: 1135 [] : validationTimeout................................5000
2021-11-13 14:18:40,668 INFO com.zaxxer.hikari.HikariDataSource Line: 110 [] : HikariPool-1 - Starting...
2021-11-13 14:18:40,800 DEBUG com.zaxxer.hikari.pool.HikariPool Line: 565 [] : HikariPool-1 - Added connection com.mysql.cj.jdbc.ConnectionImpl@11eec06b
2021-11-13 14:18:40,803 INFO com.zaxxer.hikari.HikariDataSource Line: 123 [] : HikariPool-1 - Start completed.
2021-11-13 14:18:40,854 INFO org.hibernate.dialect.Dialect Line: 175 [] : HHH000400: Using dialect: org.hibernate.dialect.MySQL55Dialect
2021-11-13 14:18:40,911 DEBUG com.zaxxer.hikari.pool.HikariPool Line: 421 [] : HikariPool-1 - Pool stats (total=1, active=1, idle=0, waiting=0)
2021-11-13 14:18:40,918 DEBUG com.zaxxer.hikari.pool.HikariPool$PoolEntryCreator Line: 729 [] : HikariPool-1 - Added connection com.mysql.cj.jdbc.ConnectionImpl@4880c74e
2021-11-13 14:18:40,924 DEBUG com.zaxxer.hikari.pool.HikariPool$PoolEntryCreator Line: 729 [] : HikariPool-1 - Added connection com.mysql.cj.jdbc.ConnectionImpl@3cc5a8f8
2021-11-13 14:18:40,930 DEBUG com.zaxxer.hikari.pool.HikariPool$PoolEntryCreator Line: 729 [] : HikariPool-1 - Added connection com.mysql.cj.jdbc.ConnectionImpl@7fc5d6c
2021-11-13 14:18:40,936 DEBUG com.zaxxer.hikari.pool.HikariPool$PoolEntryCreator Line: 729 [] : HikariPool-1 - Added connection com.mysql.cj.jdbc.ConnectionImpl@69e32679
2021-11-13 14:18:40,937 DEBUG com.zaxxer.hikari.pool.HikariPool Line: 421 [] : HikariPool-1 - After adding stats (total=5, active=1, idle=4, waiting=0)
2021-11-13 14:18:42,060 INFO org.hibernate.engine.transaction.jta.platform.internal.JtaPlatformInitiator Line: 52 [] : HHH000490: Using JtaPlatform implementation: [org.hibernate.engine.transaction.jta.platform.internal.NoJtaPlatform]
2021-11-13 14:18:42,073 INFO org.springframework.orm.jpa.AbstractEntityManagerFactoryBean Line: 437 [] : Initialized JPA EntityManagerFactory for persistence unit 'default'
2021-11-13 14:18:42,611 WARN org.springframework.boot.autoconfigure.orm.jpa.JpaBaseConfiguration$JpaWebConfiguration Line: 219 [] : spring.jpa.open-in-view is enabled by default. Therefore, database queries may be performed during view rendering. Explicitly configure spring.jpa.open-in-view to disable this warning
2021-11-13 14:18:42,797 INFO org.springframework.security.web.DefaultSecurityFilterChain Line: 51 [] : Will secure any request with [org.springframework.security.web.context.request.async.WebAsyncManagerIntegrationFilter@75c0cd39, org.springframework.security.web.context.SecurityContextPersistenceFilter@6549ce71, org.springframework.security.web.header.HeaderWriterFilter@12f3fcd, org.springframework.security.web.authentication.logout.LogoutFilter@5ffdd510, com.example.json_token_auth_service.Security.JwtRequestFilter@4b5aa48b, org.springframework.security.web.savedrequest.RequestCacheAwareFilter@2e030cc1, org.springframework.security.web.servletapi.SecurityContextHolderAwareRequestFilter@20518250, org.springframework.security.web.authentication.AnonymousAuthenticationFilter@7cf66cf9, org.springframework.security.web.session.SessionManagementFilter@29ee8174, org.springframework.security.web.access.ExceptionTranslationFilter@6d92e327, org.springframework.security.web.access.intercept.FilterSecurityInterceptor@400e741]
2021-11-13 14:18:43,244 INFO org.apache.juli.logging.DirectJDKLog Line: 173 [] : Starting ProtocolHandler ["http-nio-8080"]
2021-11-13 14:18:43,265 INFO org.springframework.boot.web.embedded.tomcat.TomcatWebServer Line: 220 [] : Tomcat started on port(s): 8080 (http) with context path ''
2021-11-13 14:18:43,386 WARN org.hibernate.engine.jdbc.spi.SqlExceptionHelper Line: 137 [] : SQL Error: 1062, SQLState: 23000
2021-11-13 14:18:43,387 ERROR org.hibernate.engine.jdbc.spi.SqlExceptionHelper Line: 142 [] : Duplicate entry 'admin-admin@gmail.com' for key 'UK5an6eeanlr5cekleo5odihut8'
2021-11-13 14:18:43,472 ERROR com.example.json_token_auth_service.DBUtil.APIUserSeeder Line: 59 [] : could not execute statement; SQL [n/a]; constraint [UK5an6eeanlr5cekleo5odihut8]; nested exception is org.hibernate.exception.ConstraintViolationException: could not execute statement
2021-11-13 14:18:43,482 INFO org.springframework.boot.StartupInfoLogger Line: 61 [] : Started JsonTokenAuthServiceApplication in 6.409 seconds (JVM running for 8.119)
2021-11-13 14:18:52,711 INFO org.apache.juli.logging.DirectJDKLog Line: 173 [] : Initializing Spring DispatcherServlet 'dispatcherServlet'
2021-11-13 14:18:52,711 INFO org.springframework.web.servlet.FrameworkServlet Line: 525 [] : Initializing Servlet 'dispatcherServlet'
2021-11-13 14:18:52,712 INFO org.springframework.web.servlet.FrameworkServlet Line: 547 [] : Completed initialization in 1 ms
2021-11-13 14:18:52,728 WARN com.example.json_token_auth_service.Security.JwtRequestFilter Line: 55 [] : JWT Token does not begin with Bearer String
2021-11-13 14:18:52,728 INFO com.example.json_token_auth_service.Security.JwtRequestFilter Line: 81 [6b30348c-fe04-47a9-b7e3-a8211a6eaa42] : Request Url: /verifyToken
2021-11-13 14:18:59,499 WARN com.example.json_token_auth_service.Security.JwtRequestFilter Line: 55 [] : JWT Token does not begin with Bearer String
2021-11-13 14:18:59,499 INFO com.example.json_token_auth_service.Security.JwtRequestFilter Line: 81 [1b56bb68-72e6-4d9f-99ee-1f9d33978ee5] : Request Url: /verifyToken
2021-11-13 14:19:08,716 WARN com.example.json_token_auth_service.Security.JwtRequestFilter Line: 55 [] : JWT Token does not begin with Bearer String
2021-11-13 14:19:08,716 INFO com.example.json_token_auth_service.Security.JwtRequestFilter Line: 81 [cc0a412a-dcc3-41e9-b37d-6ee351567d33] : Request Url: /verifyToken
2021-11-13 14:19:08,742 ERROR org.apache.juli.logging.DirectJDKLog Line: 175 [cc0a412a-dcc3-41e9-b37d-6ee351567d33] : Servlet.service() for servlet [dispatcherServlet] in context with path [] threw exception [Request processing failed; nested exception is io.jsonwebtoken.SignatureException: JWT signature does not match locally computed signature. JWT validity cannot be asserted and should not be trusted.] with root cause
io.jsonwebtoken.SignatureException: JWT signature does not match locally computed signature. JWT validity cannot be asserted and should not be trusted.
	at io.jsonwebtoken.impl.DefaultJwtParser.parse(DefaultJwtParser.java:354)
	at io.jsonwebtoken.impl.DefaultJwtParser.parse(DefaultJwtParser.java:481)
	at io.jsonwebtoken.impl.DefaultJwtParser.parseClaimsJws(DefaultJwtParser.java:541)
	at com.example.json_token_auth_service.Security.JwtTokenUtil.getAllClaimsFromToken(JwtTokenUtil.java:40)
	at com.example.json_token_auth_service.Security.JwtTokenUtil.getClaimFromToken(JwtTokenUtil.java:34)
	at com.example.json_token_auth_service.Security.JwtTokenUtil.getUsernameFromToken(JwtTokenUtil.java:25)
	at com.example.json_token_auth_service.Services.UserPermissionDetailsService.getUserPermissionDetail(UserPermissionDetailsService.java:26)
	at com.example.json_token_auth_service.Controllers.AuthController.verifyToken(AuthController.java:57)
	at sun.reflect.NativeMethodAccessorImpl.invoke0(Native Method)
	at sun.reflect.NativeMethodAccessorImpl.invoke(NativeMethodAccessorImpl.java:62)
	at sun.reflect.DelegatingMethodAccessorImpl.invoke(DelegatingMethodAccessorImpl.java:43)
	at java.lang.reflect.Method.invoke(Method.java:498)
	at org.springframework.web.method.support.InvocableHandlerMethod.doInvoke(InvocableHandlerMethod.java:205)
	at org.springframework.web.method.support.InvocableHandlerMethod.invokeForRequest(InvocableHandlerMethod.java:150)
	at org.springframework.web.servlet.mvc.method.annotation.ServletInvocableHandlerMethod.invokeAndHandle(ServletInvocableHandlerMethod.java:117)
	at org.springframework.web.servlet.mvc.method.annotation.RequestMappingHandlerAdapter.invokeHandlerMethod(RequestMappingHandlerAdapter.java:895)
	at org.springframework.web.servlet.mvc.method.annotation.RequestMappingHandlerAdapter.handleInternal(RequestMappingHandlerAdapter.java:808)
	at org.springframework.web.servlet.mvc.method.AbstractHandlerMethodAdapter.handle(AbstractHandlerMethodAdapter.java:87)
	at org.springframework.web.servlet.DispatcherServlet.doDispatch(DispatcherServlet.java:1067)
	at org.springframework.web.servlet.DispatcherServlet.doService(DispatcherServlet.java:963)
	at org.springframework.web.servlet.FrameworkServlet.processRequest(FrameworkServlet.java:1006)
	at org.springframework.web.servlet.FrameworkServlet.doPost(FrameworkServlet.java:909)
	at javax.servlet.http.HttpServlet.service(HttpServlet.java:681)
	at org.springframework.web.servlet.FrameworkServlet.service(FrameworkServlet.java:883)
	at javax.servlet.http.HttpServlet.service(HttpServlet.java:764)
	at org.apache.catalina.core.ApplicationFilterChain.internalDoFilter(ApplicationFilterChain.java:227)
	at org.apache.catalina.core.ApplicationFilterChain.doFilter(ApplicationFilterChain.java:162)
	at org.apache.tomcat.websocket.server.WsFilter.doFilter(WsFilter.java:53)
	at org.apache.catalina.core.ApplicationFilterChain.internalDoFilter(ApplicationFilterChain.java:189)
	at org.apache.catalina.core.ApplicationFilterChain.doFilter(ApplicationFilterChain.java:162)
	at org.springframework.web.filter.OncePerRequestFilter.doFilter(OncePerRequestFilter.java:113)
	at org.apache.catalina.core.ApplicationFilterChain.internalDoFilter(ApplicationFilterChain.java:189)
	at org.apache.catalina.core.ApplicationFilterChain.doFilter(ApplicationFilterChain.java:162)
	at org.springframework.security.web.FilterChainProxy$VirtualFilterChain.doFilter(FilterChainProxy.java:327)
	at org.springframework.security.web.access.intercept.FilterSecurityInterceptor.invoke(FilterSecurityInterceptor.java:115)
	at org.springframework.security.web.access.intercept.FilterSecurityInterceptor.doFilter(FilterSecurityInterceptor.java:81)
	at org.springframework.security.web.FilterChainProxy$VirtualFilterChain.doFilter(FilterChainProxy.java:336)
	at org.springframework.security.web.access.ExceptionTranslationFilter.doFilter(ExceptionTranslationFilter.java:121)
	at org.springframework.security.web.access.ExceptionTranslationFilter.doFilter(ExceptionTranslationFilter.java:115)
	at org.springframework.security.web.FilterChainProxy$VirtualFilterChain.doFilter(FilterChainProxy.java:336)
	at org.springframework.security.web.session.SessionManagementFilter.doFilter(SessionManagementFilter.java:126)
	at org.springframework.security.web.session.SessionManagementFilter.doFilter(SessionManagementFilter.java:81)
	at org.springframework.security.web.FilterChainProxy$VirtualFilterChain.doFilter(FilterChainProxy.java:336)
	at org.springframework.security.web.authentication.AnonymousAuthenticationFilter.doFilter(AnonymousAuthenticationFilter.java:105)
	at org.springframework.security.web.FilterChainProxy$VirtualFilterChain.doFilter(FilterChainProxy.java:336)
	at org.springframework.security.web.servletapi.SecurityContextHolderAwareRequestFilter.doFilter(SecurityContextHolderAwareRequestFilter.java:149)
	at org.springframework.security.web.FilterChainProxy$VirtualFilterChain.doFilter(FilterChainProxy.java:336)
	at org.springframework.security.web.savedrequest.RequestCacheAwareFilter.doFilter(RequestCacheAwareFilter.java:63)
	at org.springframework.security.web.FilterChainProxy$VirtualFilterChain.doFilter(FilterChainProxy.java:336)
	at com.example.json_token_auth_service.Security.JwtRequestFilter.doFilterInternal(JwtRequestFilter.java:83)
	at org.springframework.web.filter.OncePerRequestFilter.doFilter(OncePerRequestFilter.java:119)
	at org.springframework.security.web.FilterChainProxy$VirtualFilterChain.doFilter(FilterChainProxy.java:336)
	at org.springframework.security.web.authentication.logout.LogoutFilter.doFilter(LogoutFilter.java:103)
	at org.springframework.security.web.authentication.logout.LogoutFilter.doFilter(LogoutFilter.java:89)
	at org.springframework.security.web.FilterChainProxy$VirtualFilterChain.doFilter(FilterChainProxy.java:336)
	at org.springframework.security.web.header.HeaderWriterFilter.doHeadersAfter(HeaderWriterFilter.java:90)
	at org.springframework.security.web.header.HeaderWriterFilter.doFilterInternal(HeaderWriterFilter.java:75)
	at org.springframework.web.filter.OncePerRequestFilter.doFilter(OncePerRequestFilter.java:119)
	at org.springframework.security.web.FilterChainProxy$VirtualFilterChain.doFilter(FilterChainProxy.java:336)
	at org.springframework.security.web.context.SecurityContextPersistenceFilter.doFilter(SecurityContextPersistenceFilter.java:110)
	at org.springframework.security.web.context.SecurityContextPersistenceFilter.doFilter(SecurityContextPersistenceFilter.java:80)
	at org.springframework.security.web.FilterChainProxy$VirtualFilterChain.doFilter(FilterChainProxy.java:336)
	at org.springframework.security.web.context.request.async.WebAsyncManagerIntegrationFilter.doFilterInternal(WebAsyncManagerIntegrationFilter.java:55)
	at org.springframework.web.filter.OncePerRequestFilter.doFilter(OncePerRequestFilter.java:119)
	at org.springframework.security.web.FilterChainProxy$VirtualFilterChain.doFilter(FilterChainProxy.java:336)
	at org.springframework.security.web.FilterChainProxy.doFilterInternal(FilterChainProxy.java:211)
	at org.springframework.security.web.FilterChainProxy.doFilter(FilterChainProxy.java:183)
	at org.springframework.web.filter.DelegatingFilterProxy.invokeDelegate(DelegatingFilterProxy.java:358)
	at org.springframework.web.filter.DelegatingFilterProxy.doFilter(DelegatingFilterProxy.java:271)
	at org.apache.catalina.core.ApplicationFilterChain.internalDoFilter(ApplicationFilterChain.java:189)
	at org.apache.catalina.core.ApplicationFilterChain.doFilter(ApplicationFilterChain.java:162)
	at org.springframework.web.filter.RequestContextFilter.doFilterInternal(RequestContextFilter.java:100)
	at org.springframework.web.filter.OncePerRequestFilter.doFilter(OncePerRequestFilter.java:119)
	at org.apache.catalina.core.ApplicationFilterChain.internalDoFilter(ApplicationFilterChain.java:189)
	at org.apache.catalina.core.ApplicationFilterChain.doFilter(ApplicationFilterChain.java:162)
	at org.springframework.web.filter.FormContentFilter.doFilterInternal(FormContentFilter.java:93)
	at org.springframework.web.filter.OncePerRequestFilter.doFilter(OncePerRequestFilter.java:119)
	at org.apache.catalina.core.ApplicationFilterChain.internalDoFilter(ApplicationFilterChain.java:189)
	at org.apache.catalina.core.ApplicationFilterChain.doFilter(ApplicationFilterChain.java:162)
	at org.springframework.web.filter.CharacterEncodingFilter.doFilterInternal(CharacterEncodingFilter.java:201)
	at org.springframework.web.filter.OncePerRequestFilter.doFilter(OncePerRequestFilter.java:119)
	at org.apache.catalina.core.ApplicationFilterChain.internalDoFilter(ApplicationFilterChain.java:189)
	at org.apache.catalina.core.ApplicationFilterChain.doFilter(ApplicationFilterChain.java:162)
	at org.apache.catalina.core.StandardWrapperValve.invoke(StandardWrapperValve.java:197)
	at org.apache.catalina.core.StandardContextValve.invoke(StandardContextValve.java:97)
	at org.apache.catalina.authenticator.AuthenticatorBase.invoke(AuthenticatorBase.java:540)
	at org.apache.catalina.core.StandardHostValve.invoke(StandardHostValve.java:135)
	at org.apache.catalina.valves.ErrorReportValve.invoke(ErrorReportValve.java:92)
	at org.apache.catalina.core.StandardEngineValve.invoke(StandardEngineValve.java:78)
	at org.apache.catalina.connector.CoyoteAdapter.service(CoyoteAdapter.java:357)
	at org.apache.coyote.http11.Http11Processor.service(Http11Processor.java:382)
	at org.apache.coyote.AbstractProcessorLight.process(AbstractProcessorLight.java:65)
	at org.apache.coyote.AbstractProtocol$ConnectionHandler.process(AbstractProtocol.java:895)
	at org.apache.tomcat.util.net.NioEndpoint$SocketProcessor.doRun(NioEndpoint.java:1722)
	at org.apache.tomcat.util.net.SocketProcessorBase.run(SocketProcessorBase.java:49)
	at org.apache.tomcat.util.threads.ThreadPoolExecutor.runWorker(ThreadPoolExecutor.java:1191)
	at org.apache.tomcat.util.threads.ThreadPoolExecutor$Worker.run(ThreadPoolExecutor.java:659)
	at org.apache.tomcat.util.threads.TaskThread$WrappingRunnable.run(TaskThread.java:61)
	at java.lang.Thread.run(Thread.java:748)
2021-11-13 14:19:10,914 DEBUG com.zaxxer.hikari.pool.HikariPool Line: 421 [] : HikariPool-1 - Pool stats (total=5, active=0, idle=5, waiting=0)
2021-11-13 14:19:10,915 DEBUG com.zaxxer.hikari.pool.HikariPool Line: 518 [] : HikariPool-1 - Fill pool skipped, pool is at sufficient level.
2021-11-13 14:19:36,971 WARN com.example.json_token_auth_service.Security.JwtRequestFilter Line: 55 [] : JWT Token does not begin with Bearer String
2021-11-13 14:19:36,972 INFO com.example.json_token_auth_service.Security.JwtRequestFilter Line: 81 [e247a052-6af5-4560-9e10-b96f2d8bd8c8] : Request Url: /getToken
2021-11-13 14:19:40,927 DEBUG com.zaxxer.hikari.pool.HikariPool Line: 421 [] : HikariPool-1 - Pool stats (total=5, active=0, idle=5, waiting=0)
2021-11-13 14:19:40,928 DEBUG com.zaxxer.hikari.pool.HikariPool Line: 518 [] : HikariPool-1 - Fill pool skipped, pool is at sufficient level.
2021-11-13 14:19:54,453 WARN com.example.json_token_auth_service.Security.JwtRequestFilter Line: 55 [] : JWT Token does not begin with Bearer String
2021-11-13 14:19:54,453 INFO com.example.json_token_auth_service.Security.JwtRequestFilter Line: 81 [8ec6a9f9-26df-4ae2-b177-de1c9845eb7b] : Request Url: /verifyToken
2021-11-13 14:20:10,935 DEBUG com.zaxxer.hikari.pool.HikariPool Line: 421 [] : HikariPool-1 - Pool stats (total=5, active=0, idle=5, waiting=0)
2021-11-13 14:20:10,935 DEBUG com.zaxxer.hikari.pool.HikariPool Line: 518 [] : HikariPool-1 - Fill pool skipped, pool is at sufficient level.
2021-11-13 14:20:31,278 WARN com.example.json_token_auth_service.Security.JwtRequestFilter Line: 55 [] : JWT Token does not begin with Bearer String
2021-11-13 14:20:31,279 INFO com.example.json_token_auth_service.Security.JwtRequestFilter Line: 81 [19c54c46-0a35-4a6d-8232-c9b071103fd5] : Request Url: /verifyToken
2021-11-13 14:20:40,938 DEBUG com.zaxxer.hikari.pool.HikariPool Line: 421 [] : HikariPool-1 - Pool stats (total=5, active=0, idle=5, waiting=0)
2021-11-13 14:20:40,939 DEBUG com.zaxxer.hikari.pool.HikariPool Line: 518 [] : HikariPool-1 - Fill pool skipped, pool is at sufficient level.
2021-11-13 14:21:10,943 DEBUG com.zaxxer.hikari.pool.HikariPool Line: 421 [] : HikariPool-1 - Pool stats (total=5, active=0, idle=5, waiting=0)
2021-11-13 14:21:10,944 DEBUG com.zaxxer.hikari.pool.HikariPool Line: 518 [] : HikariPool-1 - Fill pool skipped, pool is at sufficient level.
2021-11-13 14:21:15,780 INFO com.example.json_token_auth_service.Security.JwtRequestFilter Line: 81 [e21ced55-6a4a-44f7-9eb6-890caacb1186] : Request Url: /adduser
2021-11-13 14:21:40,952 DEBUG com.zaxxer.hikari.pool.HikariPool Line: 421 [] : HikariPool-1 - Pool stats (total=5, active=0, idle=5, waiting=0)
2021-11-13 14:21:40,952 DEBUG com.zaxxer.hikari.pool.HikariPool Line: 518 [] : HikariPool-1 - Fill pool skipped, pool is at sufficient level.
2021-11-13 14:21:51,952 INFO com.example.json_token_auth_service.Security.JwtRequestFilter Line: 81 [e9ac184a-8994-48ad-b7e5-bdd17042e203] : Request Url: /adduser
2021-11-13 14:22:10,956 DEBUG com.zaxxer.hikari.pool.HikariPool Line: 421 [] : HikariPool-1 - Pool stats (total=5, active=0, idle=5, waiting=0)
2021-11-13 14:22:10,957 DEBUG com.zaxxer.hikari.pool.HikariPool Line: 518 [] : HikariPool-1 - Fill pool skipped, pool is at sufficient level.
2021-11-13 14:22:25,918 WARN com.example.json_token_auth_service.Security.JwtRequestFilter Line: 55 [1b56bb68-72e6-4d9f-99ee-1f9d33978ee5] : JWT Token does not begin with Bearer String
2021-11-13 14:22:25,919 INFO com.example.json_token_auth_service.Security.JwtRequestFilter Line: 81 [cf4034bc-1655-4b00-a527-b2b035ccafd8] : Request Url: /getToken
2021-11-13 14:22:40,958 DEBUG com.zaxxer.hikari.pool.HikariPool Line: 421 [] : HikariPool-1 - Pool stats (total=5, active=0, idle=5, waiting=0)
2021-11-13 14:22:40,959 DEBUG com.zaxxer.hikari.pool.HikariPool Line: 518 [] : HikariPool-1 - Fill pool skipped, pool is at sufficient level.
2021-11-13 14:22:41,693 INFO com.example.json_token_auth_service.Security.JwtRequestFilter Line: 81 [fadeda94-7e44-4c74-8889-473be4a334bb] : Request Url: /adduser
2021-11-13 14:23:10,969 DEBUG com.zaxxer.hikari.pool.HikariPool Line: 421 [] : HikariPool-1 - Pool stats (total=5, active=0, idle=5, waiting=0)
2021-11-13 14:23:10,969 DEBUG com.zaxxer.hikari.pool.HikariPool Line: 518 [] : HikariPool-1 - Fill pool skipped, pool is at sufficient level.
2021-11-13 14:23:40,977 DEBUG com.zaxxer.hikari.pool.HikariPool Line: 421 [] : HikariPool-1 - Pool stats (total=5, active=0, idle=5, waiting=0)
2021-11-13 14:23:40,978 DEBUG com.zaxxer.hikari.pool.HikariPool Line: 518 [] : HikariPool-1 - Fill pool skipped, pool is at sufficient level.
2021-11-13 14:23:51,669 WARN com.example.json_token_auth_service.Security.JwtRequestFilter Line: 55 [8ec6a9f9-26df-4ae2-b177-de1c9845eb7b] : JWT Token does not begin with Bearer String
2021-11-13 14:23:51,670 INFO com.example.json_token_auth_service.Security.JwtRequestFilter Line: 81 [5823b934-ce65-4d7e-a320-3b6083a58047] : Request Url: /verifyToken
2021-11-13 14:24:10,991 DEBUG com.zaxxer.hikari.pool.HikariPool Line: 421 [] : HikariPool-1 - Pool stats (total=5, active=0, idle=5, waiting=0)
2021-11-13 14:24:10,993 DEBUG com.zaxxer.hikari.pool.HikariPool Line: 518 [] : HikariPool-1 - Fill pool skipped, pool is at sufficient level.
2021-11-13 14:24:12,488 WARN com.example.json_token_auth_service.Security.JwtRequestFilter Line: 55 [19c54c46-0a35-4a6d-8232-c9b071103fd5] : JWT Token does not begin with Bearer String
2021-11-13 14:24:12,489 INFO com.example.json_token_auth_service.Security.JwtRequestFilter Line: 81 [6caab239-ce73-4d2c-a6b0-f847cc50e635] : Request Url: /getToken
2021-11-13 14:24:35,865 WARN com.example.json_token_auth_service.Security.JwtRequestFilter Line: 55 [e21ced55-6a4a-44f7-9eb6-890caacb1186] : JWT Token does not begin with Bearer String
2021-11-13 14:24:35,866 INFO com.example.json_token_auth_service.Security.JwtRequestFilter Line: 81 [f33019e4-33ca-4233-8330-4b90f7bcd951] : Request Url: /verifyToken
2021-11-13 14:24:41,004 DEBUG com.zaxxer.hikari.pool.HikariPool Line: 421 [] : HikariPool-1 - Pool stats (total=5, active=0, idle=5, waiting=0)
2021-11-13 14:24:41,005 DEBUG com.zaxxer.hikari.pool.HikariPool Line: 518 [] : HikariPool-1 - Fill pool skipped, pool is at sufficient level.
2021-11-13 14:24:47,123 WARN com.example.json_token_auth_service.Security.JwtRequestFilter Line: 55 [] : JWT Token does not begin with Bearer String
2021-11-13 14:24:47,124 INFO com.example.json_token_auth_service.Security.JwtRequestFilter Line: 81 [cbd7ad69-f782-4566-94b0-c09121513dba] : Request Url: /verifyToken
2021-11-13 14:24:54,377 WARN com.example.json_token_auth_service.Security.JwtRequestFilter Line: 55 [6b30348c-fe04-47a9-b7e3-a8211a6eaa42] : JWT Token does not begin with Bearer String
2021-11-13 14:24:54,377 INFO com.example.json_token_auth_service.Security.JwtRequestFilter Line: 81 [50ffc8a8-932e-47bc-8db9-16bfb8d089d5] : Request Url: /verifyToken
2021-11-13 14:25:02,325 WARN com.example.json_token_auth_service.Security.JwtRequestFilter Line: 55 [cf4034bc-1655-4b00-a527-b2b035ccafd8] : JWT Token does not begin with Bearer String
2021-11-13 14:25:02,326 INFO com.example.json_token_auth_service.Security.JwtRequestFilter Line: 81 [53a5b9d9-40dc-4caf-97a7-a8856f64f5ff] : Request Url: /verifyToken
2021-11-13 14:25:11,011 DEBUG com.zaxxer.hikari.pool.HikariPool Line: 421 [] : HikariPool-1 - Pool stats (total=5, active=0, idle=5, waiting=0)
2021-11-13 14:25:11,011 DEBUG com.zaxxer.hikari.pool.HikariPool Line: 518 [] : HikariPool-1 - Fill pool skipped, pool is at sufficient level.
2021-11-13 14:25:17,448 WARN com.example.json_token_auth_service.Security.JwtRequestFilter Line: 55 [e247a052-6af5-4560-9e10-b96f2d8bd8c8] : JWT Token does not begin with Bearer String
2021-11-13 14:25:17,448 INFO com.example.json_token_auth_service.Security.JwtRequestFilter Line: 81 [96989588-6d23-43ac-a7ed-86e8a03797d0] : Request Url: /verifyToken
2021-11-13 14:25:41,014 DEBUG com.zaxxer.hikari.pool.HikariPool Line: 421 [] : HikariPool-1 - Pool stats (total=5, active=0, idle=5, waiting=0)
2021-11-13 14:25:41,014 DEBUG com.zaxxer.hikari.pool.HikariPool Line: 518 [] : HikariPool-1 - Fill pool skipped, pool is at sufficient level.
